Watching for file changes with StatReloader
Performing system checks...

System check identified some issues:

WARNINGS:
todos.Todo: (models.W042) Auto-created primary key used when not defining a primary key type, by default 'django.db.models.AutoField'.
	HINT: Configure the DEFAULT_AUTO_FIELD setting or the TodosConfig.default_auto_field attribute to point to a subclass of AutoField, e.g. 'django.db.models.BigAutoField'.

System check identified 1 issue (0 silenced).
December 29, 2022 - 19:10:42
Django version 4.1.4, using settings 'todoApp.settings'
Starting development server at http://0.0.0.0:8001/
Quit the server with CONTROL-C.
[29/Dec/2022 19:10:47] "GET /todos/ HTTP/1.1" 200 3515
[29/Dec/2022 19:10:47] "GET /static/css/style.css HTTP/1.1" 304 0
[29/Dec/2022 19:10:49] "GET /todos/2/delete HTTP/1.1" 302 0
[29/Dec/2022 19:10:50] "GET /todos/ HTTP/1.1" 200 2923
[29/Dec/2022 19:10:52] "POST /todos/add/ HTTP/1.1" 302 0
[29/Dec/2022 19:10:52] "GET /todos/ HTTP/1.1" 200 3499
[29/Dec/2022 19:10:56] "POST /todos/add/ HTTP/1.1" 302 0
[29/Dec/2022 19:10:56] "GET /todos/ HTTP/1.1" 200 4076
[29/Dec/2022 19:10:58] "POST /todos/3/update HTTP/1.1" 302 0
[29/Dec/2022 19:10:58] "GET /todos/ HTTP/1.1" 200 4113
[29/Dec/2022 19:11:00] "GET /todos/3/delete HTTP/1.1" 302 0
[29/Dec/2022 19:11:01] "GET /todos/ HTTP/1.1" 200 3481
Watching for file changes with StatReloader
Performing system checks...

System check identified some issues:

WARNINGS:
todos.Todo: (models.W042) Auto-created primary key used when not defining a primary key type, by default 'django.db.models.AutoField'.
	HINT: Configure the DEFAULT_AUTO_FIELD setting or the TodosConfig.default_auto_field attribute to point to a subclass of AutoField, e.g. 'django.db.models.BigAutoField'.

System check identified 1 issue (0 silenced).
December 29, 2022 - 22:23:42
Django version 4.1.4, using settings 'todoApp.settings'
Starting development server at http://0.0.0.0:8001/
Quit the server with CONTROL-C.
[29/Dec/2022 22:23:46] "GET / HTTP/1.1" 302 0
[29/Dec/2022 22:23:47] "GET /todos HTTP/1.1" 301 0
[29/Dec/2022 22:23:47] "GET /todos/ HTTP/1.1" 200 3481
[29/Dec/2022 22:23:47] "GET /static/css/style.css HTTP/1.1" 200 225
Not Found: /favicon.ico
[29/Dec/2022 22:23:48] "GET /favicon.ico HTTP/1.1" 404 2573
[29/Dec/2022 22:23:52] "GET /todos/ HTTP/1.1" 200 3481
[29/Dec/2022 22:23:53] "GET /todos/ HTTP/1.1" 200 3481
